<?xml version="1.0" encoding="UTF-8"?>
<!-- Generated by org.testng.reporters.JUnitReportReporter -->
<testsuite hostname="DESKTOP-EKL5KL8" failures="0" tests="1" name="com.testscripts.LoginTest" time="28.499" errors="0" timestamp="2023-06-02T17:35:02 AEST" skipped="0">
  <testcase classname="com.testscripts.LoginTest" name="login" time="28.499"/>
  <system-out/>
</testsuite> <!-- com.testscripts.LoginTest -->
